14-Nov-2023 08:57:57.436 資訊 [main] org.apache.catalina.startup.VersionLoggerListener.log Server version name:   Apache Tomcat/9.0.65
14-Nov-2023 08:57:57.442 資訊 [main] org.apache.catalina.startup.VersionLoggerListener.log Server built:          Jul 14 2022 12:28:53 UTC
14-Nov-2023 08:57:57.442 資訊 [main] org.apache.catalina.startup.VersionLoggerListener.log Server version number: 9.0.65.0
14-Nov-2023 08:57:57.442 資訊 [main] org.apache.catalina.startup.VersionLoggerListener.log OS Name:               Windows 10
14-Nov-2023 08:57:57.442 資訊 [main] org.apache.catalina.startup.VersionLoggerListener.log OS Version:            10.0
14-Nov-2023 08:57:57.442 資訊 [main] org.apache.catalina.startup.VersionLoggerListener.log Architecture:          amd64
14-Nov-2023 08:57:57.442 資訊 [main] org.apache.catalina.startup.VersionLoggerListener.log Java Home:             C:\JavaScript\zulu-jdk17
14-Nov-2023 08:57:57.442 資訊 [main] org.apache.catalina.startup.VersionLoggerListener.log JVM Version:           17.0.9+8-LTS
14-Nov-2023 08:57:57.442 資訊 [main] org.apache.catalina.startup.VersionLoggerListener.log JVM Vendor:            Azul Systems, Inc.
14-Nov-2023 08:57:57.442 資訊 [main] org.apache.catalina.startup.VersionLoggerListener.log CATALINA_BASE:         C:\tomcat\apache-tomcat-9.0.65\apache-tomcat-9.0.65
14-Nov-2023 08:57:57.442 資訊 [main] org.apache.catalina.startup.VersionLoggerListener.log CATALINA_HOME:         C:\tomcat\apache-tomcat-9.0.65\apache-tomcat-9.0.65
14-Nov-2023 08:57:57.467 資訊 [main] org.apache.catalina.startup.VersionLoggerListener.log Command line argument: --add-opens=java.base/java.lang=ALL-UNNAMED
14-Nov-2023 08:57:57.467 資訊 [main] org.apache.catalina.startup.VersionLoggerListener.log Command line argument: --add-opens=java.base/java.io=ALL-UNNAMED
14-Nov-2023 08:57:57.467 資訊 [main] org.apache.catalina.startup.VersionLoggerListener.log Command line argument: --add-opens=java.base/java.util=ALL-UNNAMED
14-Nov-2023 08:57:57.467 資訊 [main] org.apache.catalina.startup.VersionLoggerListener.log Command line argument: --add-opens=java.base/java.util.concurrent=ALL-UNNAMED
14-Nov-2023 08:57:57.467 資訊 [main] org.apache.catalina.startup.VersionLoggerListener.log Command line argument: --add-opens=java.rmi/sun.rmi.transport=ALL-UNNAMED
14-Nov-2023 08:57:57.467 資訊 [main] org.apache.catalina.startup.VersionLoggerListener.log Command line argument: -Djava.util.logging.config.file=C:\tomcat\apache-tomcat-9.0.65\apache-tomcat-9.0.65\conf\logging.properties
14-Nov-2023 08:57:57.467 資訊 [main] org.apache.catalina.startup.VersionLoggerListener.log Command line argument: -Djava.util.logging.manager=org.apache.juli.ClassLoaderLogManager
14-Nov-2023 08:57:57.467 資訊 [main] org.apache.catalina.startup.VersionLoggerListener.log Command line argument: -Djdk.tls.ephemeralDHKeySize=2048
14-Nov-2023 08:57:57.467 資訊 [main] org.apache.catalina.startup.VersionLoggerListener.log Command line argument: -Djava.protocol.handler.pkgs=org.apache.catalina.webresources
14-Nov-2023 08:57:57.467 資訊 [main] org.apache.catalina.startup.VersionLoggerListener.log Command line argument: -Dignore.endorsed.dirs=
14-Nov-2023 08:57:57.467 資訊 [main] org.apache.catalina.startup.VersionLoggerListener.log Command line argument: -Dcatalina.base=C:\tomcat\apache-tomcat-9.0.65\apache-tomcat-9.0.65
14-Nov-2023 08:57:57.467 資訊 [main] org.apache.catalina.startup.VersionLoggerListener.log Command line argument: -Dcatalina.home=C:\tomcat\apache-tomcat-9.0.65\apache-tomcat-9.0.65
14-Nov-2023 08:57:57.467 資訊 [main] org.apache.catalina.startup.VersionLoggerListener.log Command line argument: -Djava.io.tmpdir=C:\tomcat\apache-tomcat-9.0.65\apache-tomcat-9.0.65\temp
14-Nov-2023 08:57:57.467 資訊 [main] org.apache.catalina.core.AprLifecycleListener.lifecycleEvent The Apache Tomcat Native library which allows using OpenSSL was not found on the java.library.path: [C:\JavaScript\zulu-jdk17\bin;C:\Windows\Sun\Java\bin;C:\Windows\system32;C:\Windows;C:\Windows\system32;C:\Windows;C:\Windows\System32\Wbem;C:\Windows\System32\WindowsPowerShell\v1.0\;C:\Windows\System32\OpenSSH\;C:\Program Files (x86)\Microsoft SQL Server\160\Tools\Binn\;C:\Program Files\Microsoft SQL Server\160\Tools\Binn\;C:\Program Files\Microsoft SQL Server\Client SDK\ODBC\170\Tools\Binn\;C:\Program Files\Microsoft SQL Server\160\DTS\Binn\;C:\Program Files (x86)\Microsoft SQL Server\160\DTS\Binn\;C:\Program Files\Azure Data Studio\bin;C:\zulu-jdk17\bin;C:\Users\User\AppData\Local\Microsoft\WindowsApps;;C:\Program Files\Azure Data Studio\bin;C:\Users\User\AppData\Local\Programs\Microsoft VS Code\bin;.]
14-Nov-2023 08:57:57.592 資訊 [main] org.apache.coyote.AbstractProtocol.init Initializing ProtocolHandler ["http-nio-8080"]
14-Nov-2023 08:57:57.607 資訊 [main] org.apache.catalina.startup.Catalina.load Server initialization in [276] milliseconds
14-Nov-2023 08:57:57.623 資訊 [main] org.apache.catalina.core.StandardService.startInternal Starting service [Catalina]
14-Nov-2023 08:57:57.623 資訊 [main] org.apache.catalina.core.StandardEngine.startInternal Starting Servlet engine: [Apache Tomcat/9.0.65]
14-Nov-2023 08:57:57.639 資訊 [main] org.apache.catalina.startup.HostConfig.deployDirectory Deploying web application directory [C:\tomcat\apache-tomcat-9.0.65\apache-tomcat-9.0.65\webapps\docs]
14-Nov-2023 08:57:57.810 資訊 [main] org.apache.catalina.startup.HostConfig.deployDirectory Deployment of web application directory [C:\tomcat\apache-tomcat-9.0.65\apache-tomcat-9.0.65\webapps\docs] has finished in [171] ms
14-Nov-2023 08:57:57.810 資訊 [main] org.apache.catalina.startup.HostConfig.deployDirectory Deploying web application directory [C:\tomcat\apache-tomcat-9.0.65\apache-tomcat-9.0.65\webapps\examples]
14-Nov-2023 08:57:58.014 資訊 [main] org.apache.catalina.startup.HostConfig.deployDirectory Deployment of web application directory [C:\tomcat\apache-tomcat-9.0.65\apache-tomcat-9.0.65\webapps\examples] has finished in [204] ms
14-Nov-2023 08:57:58.014 資訊 [main] org.apache.catalina.startup.HostConfig.deployDirectory Deploying web application directory [C:\tomcat\apache-tomcat-9.0.65\apache-tomcat-9.0.65\webapps\host-manager]
14-Nov-2023 08:57:58.029 資訊 [main] org.apache.catalina.startup.HostConfig.deployDirectory Deployment of web application directory [C:\tomcat\apache-tomcat-9.0.65\apache-tomcat-9.0.65\webapps\host-manager] has finished in [15] ms
14-Nov-2023 08:57:58.029 資訊 [main] org.apache.catalina.startup.HostConfig.deployDirectory Deploying web application directory [C:\tomcat\apache-tomcat-9.0.65\apache-tomcat-9.0.65\webapps\manager]
14-Nov-2023 08:57:58.045 資訊 [main] org.apache.catalina.startup.HostConfig.deployDirectory Deployment of web application directory [C:\tomcat\apache-tomcat-9.0.65\apache-tomcat-9.0.65\webapps\manager] has finished in [16] ms
14-Nov-2023 08:57:58.060 資訊 [main] org.apache.catalina.startup.HostConfig.deployDirectory Deploying web application directory [C:\tomcat\apache-tomcat-9.0.65\apache-tomcat-9.0.65\webapps\ROOT]
14-Nov-2023 08:57:58.076 資訊 [main] org.apache.catalina.startup.HostConfig.deployDirectory Deployment of web application directory [C:\tomcat\apache-tomcat-9.0.65\apache-tomcat-9.0.65\webapps\ROOT] has finished in [16] ms
14-Nov-2023 08:57:58.076 資訊 [main] org.apache.coyote.AbstractProtocol.start Starting ProtocolHandler ["http-nio-8080"]
14-Nov-2023 08:57:58.092 資訊 [main] org.apache.catalina.startup.Catalina.start Server startup in [492] milliseconds
